{
  "RSpec": {
    "coverage": {
      "C:/Users/DELL/Documents/workspace/Microverse/Ruby_module/tic_tac_toe_testing/tic_tac_toe/bin/main.rb": {
        "lines": [
          null,
          1,
          1,
          null,
          1,
          1,
          null,
          1,
          1,
          null,
          1,
          null,
          1,
          0,
          0,
          null,
          null,
          1,
          null,
          0,
          null,
          0,
          null,
          0,
          null,
          0,
          null,
          0,
          null,
          0,
          null,
          0,
          null,
          0,
          0,
          0,
          0,
          0,
          0,
          null,
          0,
          0,
          0,
          0,
          0,
          0,
          0,
          null,
          null,
          0,
          0,
          null,
          null,
          0,
          0,
          0,
          0,
          0,
          0,
          null,
          0,
          0,
          0,
          null,
          0,
          0,
          0,
          null,
          0,
          null,
          null,
          null,
          null
        ]
      },
      "C:/Users/DELL/Documents/workspace/Microverse/Ruby_module/tic_tac_toe_testing/tic_tac_toe/lib/board.rb": {
        "lines": [
          null,
          1,
          null,
          1,
          1,
          null,
          1,
          1,
          null,
          1,
          null,
          1,
          5,
          null,
          null,
          5,
          null,
          null,
          null,
          null,
          null,
          null,
          null,
          null,
          null,
          5,
          null,
          null,
          null,
          null,
          null,
          null,
          null,
          null,
          null,
          null,
          null,
          null,
          null,
          null,
          null,
          null,
          null,
          null,
          null,
          null,
          1,
          null,
          1,
          null,
          1,
          1,
          null,
          1,
          null,
          1,
          null,
          1,
          null,
          1,
          null,
          1,
          null,
          null,
          1,
          2,
          null,
          1,
          null,
          1,
          null,
          null,
          1,
          1,
          null,
          1,
          null,
          1,
          null,
          null,
          null
        ]
      },
      "C:/Users/DELL/Documents/workspace/Microverse/Ruby_module/tic_tac_toe_testing/tic_tac_toe/lib/movable.rb": {
        "lines": [
          null,
          1,
          null,
          null,
          null,
          null,
          null,
          null,
          1,
          33280,
          59274,
          145675,
          null,
          null,
          null,
          5184,
          null,
          null
        ]
      },
      "C:/Users/DELL/Documents/workspace/Microverse/Ruby_module/tic_tac_toe_testing/tic_tac_toe/lib/evaluatable.rb": {
        "lines": [
          null,
          1,
          null,
          null,
          null,
          null,
          null,
          null,
          1,
          376424,
          null,
          null,
          1,
          22296,
          null,
          5904,
          null,
          null,
          null,
          null,
          null,
          null,
          null,
          null,
          null,
          null,
          1,
          null,
          null,
          55576,
          160752,
          null,
          7500,
          null,
          null,
          null,
          null,
          null,
          null,
          48076,
          137304,
          null,
          6924,
          null,
          null,
          null,
          null,
          null,
          null,
          41152,
          null,
          null,
          null,
          37216,
          null,
          null,
          null,
          33280,
          null,
          null
        ]
      },
      "C:/Users/DELL/Documents/workspace/Microverse/Ruby_module/tic_tac_toe_testing/tic_tac_toe/lib/player.rb": {
        "lines": [
          null,
          1,
          1,
          null,
          null,
          null,
          1,
          1,
          5,
          5,
          5,
          null,
          null,
          1,
          1,
          null,
          null,
          null,
          1,
          1,
          1,
          null,
          null,
          null,
          null,
          1,
          3,
          null,
          9,
          null,
          null,
          8,
          8,
          null,
          8,
          null,
          null,
          null,
          8,
          null,
          1,
          1,
          1,
          null,
          null,
          null,
          1,
          null,
          null,
          1,
          null,
          1,
          1,
          null,
          null,
          1,
          30768,
          null,
          null,
          null,
          1,
          24800,
          null,
          null,
          null,
          null,
          1,
          55576,
          null,
          null,
          null,
          55576,
          null,
          null,
          null,
          39184,
          null,
          null,
          null,
          33280,
          null,
          null,
          28096,
          13712,
          null,
          null,
          13712,
          41136,
          null,
          123408,
          null,
          null,
          30768,
          null,
          null,
          null,
          30768,
          null,
          null,
          30768,
          null,
          null,
          null,
          null,
          null,
          14384,
          null,
          null,
          14384,
          43152,
          null,
          129456,
          null,
          null,
          24800,
          null,
          null,
          null,
          24800,
          null,
          null,
          24800,
          null,
          null,
          null,
          28096,
          null,
          null
        ]
      }
    },
    "timestamp": 1604482043
  }
}
