{
  "RSpec": {
    "coverage": {
      "/mnt/g/Document/Ericdoc/Microverse/ruby/tic_tac_toe/bin/main.rb": {
        "lines": [
          1,
          1,
          null,
          1,
          1,
          null,
          1,
          1,
          1,
          null,
          1,
          0,
          0,
          null,
          null,
          1,
          0,
          0,
          0,
          0,
          0,
          0,
          0,
          null,
          0,
          0,
          0,
          0,
          0,
          0,
          null,
          0,
          0,
          0,
          0,
          0,
          0,
          0,
          null,
          null,
          0,
          0,
          null,
          null,
          0,
          null,
          0,
          null,
          0,
          0,
          0,
          0,
          null,
          0,
          0,
          0,
          null,
          0,
          null,
          0,
          0,
          null,
          0,
          null,
          null,
          null,
          null,
          null
        ]
      },
      "/mnt/g/Document/Ericdoc/Microverse/ruby/tic_tac_toe/lib/board.rb": {
        "lines": [
          null,
          1,
          null,
          1,
          1,
          null,
          1,
          1,
          null,
          1,
          null,
          1,
          8,
          null,
          null,
          8,
          null,
          null,
          null,
          null,
          null,
          null,
          null,
          null,
          null,
          8,
          null,
          null,
          null,
          null,
          null,
          null,
          null,
          null,
          null,
          null,
          null,
          null,
          null,
          null,
          null,
          null,
          null,
          null,
          null,
          null,
          1,
          null,
          1,
          null,
          1,
          1,
          null,
          1,
          null,
          1,
          null,
          1,
          null,
          1,
          null,
          1,
          null,
          null,
          1,
          2,
          null,
          1,
          null,
          1,
          null,
          null,
          1,
          11,
          null,
          11,
          null,
          11,
          null,
          null,
          null
        ]
      },
      "/mnt/g/Document/Ericdoc/Microverse/ruby/tic_tac_toe/lib/movable.rb": {
        "lines": [
          null,
          1,
          null,
          null,
          null,
          null,
          null,
          null,
          1,
          86615,
          154294,
          380850,
          null,
          null,
          null,
          15049,
          null,
          null
        ]
      },
      "/mnt/g/Document/Ericdoc/Microverse/ruby/tic_tac_toe/lib/player.rb": {
        "lines": [
          null,
          1,
          1,
          null,
          null,
          null,
          1,
          1,
          8,
          8,
          8,
          null,
          null,
          1,
          1,
          null,
          null,
          null,
          1,
          11,
          11,
          null,
          null,
          null,
          null,
          11,
          33,
          null,
          99,
          null,
          null,
          49,
          49,
          null,
          49,
          null,
          null,
          null,
          49,
          null,
          9,
          9,
          9,
          null,
          null,
          null,
          11,
          null,
          null,
          1,
          null,
          1,
          1,
          null,
          null,
          1,
          83774,
          null,
          null,
          null,
          1,
          62355,
          null,
          null,
          null,
          null,
          1,
          146178,
          null,
          null,
          null,
          146178,
          null,
          null,
          null,
          96920,
          null,
          null,
          null,
          86614,
          null,
          null,
          71566,
          37001,
          null,
          null,
          37001,
          111003,
          null,
          333009,
          null,
          null,
          83774,
          null,
          null,
          null,
          83774,
          null,
          null,
          83774,
          null,
          null,
          null,
          null,
          null,
          34565,
          null,
          null,
          34565,
          103695,
          null,
          311085,
          null,
          null,
          62355,
          null,
          null,
          null,
          62355,
          null,
          null,
          62355,
          null,
          null,
          null,
          71566,
          null,
          null
        ]
      }
    },
    "timestamp": 1604486724
  }
}
